# Restart Loop Proof
timestamp_utc=2026-02-13T22:45:48Z
command=cargo test -p soldier_infra --test test_crash_mid_intent test_crash_mid_intent_no_duplicate_dispatch -- --exact
cycles=100

cycle=1 status=PASS duplicate_dispatch_count=0
cycle=2 status=PASS duplicate_dispatch_count=0
cycle=3 status=PASS duplicate_dispatch_count=0
cycle=4 status=PASS duplicate_dispatch_count=0
cycle=5 status=PASS duplicate_dispatch_count=0
cycle=6 status=PASS duplicate_dispatch_count=0
cycle=7 status=PASS duplicate_dispatch_count=0
cycle=8 status=PASS duplicate_dispatch_count=0
cycle=9 status=PASS duplicate_dispatch_count=0
cycle=10 status=PASS duplicate_dispatch_count=0
cycle=11 status=PASS duplicate_dispatch_count=0
cycle=12 status=PASS duplicate_dispatch_count=0
cycle=13 status=PASS duplicate_dispatch_count=0
cycle=14 status=PASS duplicate_dispatch_count=0
cycle=15 status=PASS duplicate_dispatch_count=0
cycle=16 status=PASS duplicate_dispatch_count=0
cycle=17 status=PASS duplicate_dispatch_count=0
cycle=18 status=PASS duplicate_dispatch_count=0
cycle=19 status=PASS duplicate_dispatch_count=0
cycle=20 status=PASS duplicate_dispatch_count=0
cycle=21 status=PASS duplicate_dispatch_count=0
cycle=22 status=PASS duplicate_dispatch_count=0
cycle=23 status=PASS duplicate_dispatch_count=0
cycle=24 status=PASS duplicate_dispatch_count=0
cycle=25 status=PASS duplicate_dispatch_count=0
cycle=26 status=PASS duplicate_dispatch_count=0
cycle=27 status=PASS duplicate_dispatch_count=0
cycle=28 status=PASS duplicate_dispatch_count=0
cycle=29 status=PASS duplicate_dispatch_count=0
cycle=30 status=PASS duplicate_dispatch_count=0
cycle=31 status=PASS duplicate_dispatch_count=0
cycle=32 status=PASS duplicate_dispatch_count=0
cycle=33 status=PASS duplicate_dispatch_count=0
cycle=34 status=PASS duplicate_dispatch_count=0
cycle=35 status=PASS duplicate_dispatch_count=0
cycle=36 status=PASS duplicate_dispatch_count=0
cycle=37 status=PASS duplicate_dispatch_count=0
cycle=38 status=PASS duplicate_dispatch_count=0
cycle=39 status=PASS duplicate_dispatch_count=0
cycle=40 status=PASS duplicate_dispatch_count=0
cycle=41 status=PASS duplicate_dispatch_count=0
cycle=42 status=PASS duplicate_dispatch_count=0
cycle=43 status=PASS duplicate_dispatch_count=0
cycle=44 status=PASS duplicate_dispatch_count=0
cycle=45 status=PASS duplicate_dispatch_count=0
cycle=46 status=PASS duplicate_dispatch_count=0
cycle=47 status=PASS duplicate_dispatch_count=0
cycle=48 status=PASS duplicate_dispatch_count=0
cycle=49 status=PASS duplicate_dispatch_count=0
cycle=50 status=PASS duplicate_dispatch_count=0
cycle=51 status=PASS duplicate_dispatch_count=0
cycle=52 status=PASS duplicate_dispatch_count=0
cycle=53 status=PASS duplicate_dispatch_count=0
cycle=54 status=PASS duplicate_dispatch_count=0
cycle=55 status=PASS duplicate_dispatch_count=0
cycle=56 status=PASS duplicate_dispatch_count=0
cycle=57 status=PASS duplicate_dispatch_count=0
cycle=58 status=PASS duplicate_dispatch_count=0
cycle=59 status=PASS duplicate_dispatch_count=0
cycle=60 status=PASS duplicate_dispatch_count=0
cycle=61 status=PASS duplicate_dispatch_count=0
cycle=62 status=PASS duplicate_dispatch_count=0
cycle=63 status=PASS duplicate_dispatch_count=0
cycle=64 status=PASS duplicate_dispatch_count=0
cycle=65 status=PASS duplicate_dispatch_count=0
cycle=66 status=PASS duplicate_dispatch_count=0
cycle=67 status=PASS duplicate_dispatch_count=0
cycle=68 status=PASS duplicate_dispatch_count=0
cycle=69 status=PASS duplicate_dispatch_count=0
cycle=70 status=PASS duplicate_dispatch_count=0
cycle=71 status=PASS duplicate_dispatch_count=0
cycle=72 status=PASS duplicate_dispatch_count=0
cycle=73 status=PASS duplicate_dispatch_count=0
cycle=74 status=PASS duplicate_dispatch_count=0
cycle=75 status=PASS duplicate_dispatch_count=0
cycle=76 status=PASS duplicate_dispatch_count=0
cycle=77 status=PASS duplicate_dispatch_count=0
cycle=78 status=PASS duplicate_dispatch_count=0
cycle=79 status=PASS duplicate_dispatch_count=0
cycle=80 status=PASS duplicate_dispatch_count=0
cycle=81 status=PASS duplicate_dispatch_count=0
cycle=82 status=PASS duplicate_dispatch_count=0
cycle=83 status=PASS duplicate_dispatch_count=0
cycle=84 status=PASS duplicate_dispatch_count=0
cycle=85 status=PASS duplicate_dispatch_count=0
cycle=86 status=PASS duplicate_dispatch_count=0
cycle=87 status=PASS duplicate_dispatch_count=0
cycle=88 status=PASS duplicate_dispatch_count=0
cycle=89 status=PASS duplicate_dispatch_count=0
cycle=90 status=PASS duplicate_dispatch_count=0
cycle=91 status=PASS duplicate_dispatch_count=0
cycle=92 status=PASS duplicate_dispatch_count=0
cycle=93 status=PASS duplicate_dispatch_count=0
cycle=94 status=PASS duplicate_dispatch_count=0
cycle=95 status=PASS duplicate_dispatch_count=0
cycle=96 status=PASS duplicate_dispatch_count=0
cycle=97 status=PASS duplicate_dispatch_count=0
cycle=98 status=PASS duplicate_dispatch_count=0
cycle=99 status=PASS duplicate_dispatch_count=0
cycle=100 status=PASS duplicate_dispatch_count=0

summary_cycles=100
summary_failures=0
duplicate_dispatch_count=0
result=PASS
